# JRE version: Java(TM) SE Runtime Environment (15.0.1+9) (build 15.0.1+9-18)
# Java VM: Java HotSpot(TM) 64-Bit Server VM (15.0.1+9-18, mixed mode, sharing, tiered, compressed oops, g1 gc, windows-amd64)
GC Precious Log:
 CPUs: 12 total, 12 available
 Memory: 32629M
 Large Page Support: Disabled
 NUMA Support: Disabled
 Compressed Oops: Enabled (Zero based)
 Heap Region Size: 16M
 Heap Min Capacity: 16M
 Heap Initial Capacity: 512M
 Heap Max Capacity: 25120M
 Pre-touch: Disabled
 Parallel Workers: 10
 Concurrent Workers: 3
 Concurrent Refinement Workers: 10
 Periodic GC: Disabled
Heap:
 garbage-first heap   total 15073280K, used 1908495K [0x00000001de000000, 0x0000000800000000)
  region size 16384K, 3 young (49152K), 3 survivors (49152K)
 Metaspace       used 6342K, capacity 6517K, committed 6656K, reserved 1056768K
  class space    used 670K, capacity 733K, committed 768K, reserved 1048576K
GC Heap History (20 events):
Event: 0.843 GC heap after
{Heap after GC invocations=7 (full 0):
 garbage-first heap   total 1032192K, used 93772K [0x00000001de000000, 0x0000000800000000)
  region size 16384K, 1 young (16384K), 1 survivors (16384K)
 Metaspace       used 6329K, capacity 6517K, committed 6656K, reserved 1056768K
  class space    used 670K, capacity 733K, committed 768K, reserved 1048576K
}
Event: 0.899 GC heap before
{Heap before GC invocations=7 (full 0):
 garbage-first heap   total 1032192K, used 159308K [0x00000001de000000, 0x0000000800000000)
  region size 16384K, 5 young (81920K), 1 survivors (16384K)
 Metaspace       used 6329K, capacity 6517K, committed 6656K, reserved 1056768K
  class space    used 670K, capacity 733K, committed 768K, reserved 1048576K
}
Event: 0.930 GC heap after
{Heap after GC invocations=8 (full 0):
 garbage-first heap   total 1032192K, used 130475K [0x00000001de000000, 0x0000000800000000)
  region size 16384K, 1 young (16384K), 1 survivors (16384K)
 Metaspace       used 6329K, capacity 6517K, committed 6656K, reserved 1056768K
  class space    used 670K, capacity 733K, committed 768K, reserved 1048576K
}
Event: 0.985 GC heap before
{Heap before GC invocations=8 (full 0):
 garbage-first heap   total 1032192K, used 212395K [0x00000001de000000, 0x0000000800000000)
  region size 16384K, 6 young (98304K), 1 survivors (16384K)
 Metaspace       used 6329K, capacity 6517K, committed 6656K, reserved 1056768K
  class space    used 670K, capacity 733K, committed 768K, reserved 1048576K
}
Event: 1.026 GC heap after
{Heap after GC invocations=9 (full 0):
 garbage-first heap   total 2654208K, used 177153K [0x00000001de000000, 0x0000000800000000)
  region size 16384K, 1 young (16384K), 1 survivors (16384K)
 Metaspace       used 6329K, capacity 6517K, committed 6656K, reserved 1056768K
  class space    used 670K, capacity 733K, committed 768K, reserved 1048576K
}
Event: 1.164 GC heap before
{Heap before GC invocations=9 (full 0):
 garbage-first heap   total 2654208K, used 291841K [0x00000001de000000, 0x0000000800000000)
  region size 16384K, 8 young (131072K), 1 survivors (16384K)
 Metaspace       used 6329K, capacity 6517K, committed 6656K, reserved 1056768K
  class space    used 670K, capacity 733K, committed 768K, reserved 1048576K
}
Event: 1.202 GC heap after
{Heap after GC invocations=10 (full 0):
 garbage-first heap   total 2654208K, used 227769K [0x00000001de000000, 0x0000000800000000)
  region size 16384K, 1 young (16384K), 1 survivors (16384K)
 Metaspace       used 6329K, capacity 6517K, committed 6656K, reserved 1056768K
  class space    used 670K, capacity 733K, committed 768K, reserved 1048576K
}
Event: 1.445 GC heap before
{Heap before GC invocations=10 (full 0):
 garbage-first heap   total 2654208K, used 358841K [0x00000001de000000, 0x0000000800000000)
  region size 16384K, 9 young (147456K), 1 survivors (16384K)
 Metaspace       used 6339K, capacity 6517K, committed 6656K, reserved 1056768K
  class space    used 670K, capacity 733K, committed 768K, reserved 1048576K
}
Event: 1.458 GC heap after
{Heap after GC invocations=11 (full 0):
 garbage-first heap   total 2654208K, used 232354K [0x00000001de000000, 0x0000000800000000)
  region size 16384K, 2 young (32768K), 2 survivors (32768K)
 Metaspace       used 6339K, capacity 6517K, committed 6656K, reserved 1056768K
  class space    used 670K, capacity 733K, committed 768K, reserved 1048576K
}
Event: 3.070 GC heap before
{Heap before GC invocations=11 (full 0):
 garbage-first heap   total 2654208K, used 1788834K [0x00000001de000000, 0x0000000800000000)
  region size 16384K, 97 young (1589248K), 2 survivors (32768K)
 Metaspace       used 6342K, capacity 6517K, committed 6656K, reserved 1056768K
  class space    used 670K, capacity 733K, committed 768K, reserved 1048576K
}
Event: 3.454 GC heap after
{Heap after GC invocations=12 (full 0):
 garbage-first heap   total 2654208K, used 922911K [0x00000001de000000, 0x0000000800000000)
  region size 16384K, 13 young (212992K), 13 survivors (212992K)
 Metaspace       used 6342K, capacity 6517K, committed 6656K, reserved 1056768K
  class space    used 670K, capacity 733K, committed 768K, reserved 1048576K
}
Event: 3.556 GC heap before
{Heap before GC invocations=12 (full 0):
 garbage-first heap   total 2654208K, used 1119519K [0x00000001de000000, 0x0000000800000000)
  region size 16384K, 25 young (409600K), 13 survivors (212992K)
 Metaspace       used 6342K, capacity 6517K, committed 6656K, reserved 1056768K
  class space    used 670K, capacity 733K, committed 768K, reserved 1048576K
}
Event: 3.829 GC heap after
{Heap after GC invocations=13 (full 0):
 garbage-first heap   total 7962624K, used 1064960K [0x00000001de000000, 0x0000000800000000)
  region size 16384K, 4 young (65536K), 4 survivors (65536K)
 Metaspace       used 6342K, capacity 6517K, committed 6656K, reserved 1056768K
  class space    used 670K, capacity 733K, committed 768K, reserved 1048576K
}
Event: 4.223 GC heap before
{Heap before GC invocations=13 (full 0):
 garbage-first heap   total 7962624K, used 1392640K [0x00000001de000000, 0x0000000800000000)
  region size 16384K, 24 young (393216K), 4 survivors (65536K)
 Metaspace       used 6342K, capacity 6517K, committed 6656K, reserved 1056768K
  class space    used 670K, capacity 733K, committed 768K, reserved 1048576K
}
Event: 4.355 GC heap after
{Heap after GC invocations=14 (full 0):
 garbage-first heap   total 7962624K, used 1272891K [0x00000001de000000, 0x0000000800000000)
  region size 16384K, 3 young (49152K), 3 survivors (49152K)
 Metaspace       used 6342K, capacity 6517K, committed 6656K, reserved 1056768K
  class space    used 670K, capacity 733K, committed 768K, reserved 1048576K
}
Event: 4.545 GC heap before
{Heap before GC invocations=14 (full 0):
 garbage-first heap   total 7962624K, used 1616955K [0x00000001de000000, 0x0000000800000000)
  region size 16384K, 24 young (393216K), 3 survivors (49152K)
 Metaspace       used 6342K, capacity 6517K, committed 6656K, reserved 1056768K
  class space    used 670K, capacity 733K, committed 768K, reserved 1048576K
}
Event: 4.671 GC heap after
{Heap after GC invocations=15 (full 0):
 garbage-first heap   total 7962624K, used 1483221K [0x00000001de000000, 0x0000000800000000)
  region size 16384K, 3 young (49152K), 3 survivors (49152K)
 Metaspace       used 6342K, capacity 6517K, committed 6656K, reserved 1056768K
  class space    used 670K, capacity 733K, committed 768K, reserved 1048576K
}
Event: 4.854 GC heap before
{Heap before GC invocations=15 (full 0):
 garbage-first heap   total 7962624K, used 1827285K [0x00000001de000000, 0x0000000800000000)
  region size 16384K, 24 young (393216K), 3 survivors (49152K)
 Metaspace       used 6342K, capacity 6517K, committed 6656K, reserved 1056768K
  class space    used 670K, capacity 733K, committed 768K, reserved 1048576K
}
Event: 4.981 GC heap after
{Heap after GC invocations=16 (full 0):
 garbage-first heap   total 7962624K, used 1695457K [0x00000001de000000, 0x0000000800000000)
  region size 16384K, 3 young (49152K), 3 survivors (49152K)
 Metaspace       used 6342K, capacity 6517K, committed 6656K, reserved 1056768K
  class space    used 670K, capacity 733K, committed 768K, reserved 1048576K
}
Event: 5.157 GC heap before
{Heap before GC invocations=16 (full 0):
 garbage-first heap   total 7962624K, used 2039521K [0x00000001de000000, 0x0000000800000000)
  region size 16384K, 24 young (393216K), 3 survivors (49152K)
 Metaspace       used 6342K, capacity 6517K, committed 6656K, reserved 1056768K
  class space    used 670K, capacity 733K, committed 768K, reserved 1048576K
}

