# JRE version: OpenJDK Runtime Environment (14.0.2+12) (build 14.0.2+12-46)
# Java VM: OpenJDK 64-Bit Server VM (14.0.2+12-46, mixed mode, tiered, compressed oops, g1 gc, windows-amd64)
Heap:
 garbage-first heap   total 7262208K, used 859125K [0x0000000240000000, 0x0000000800000000)
  region size 4096K, 9 young (36864K), 9 survivors (36864K)
 Metaspace       used 9946K, capacity 10078K, committed 10240K, reserved 1058816K
  class space    used 891K, capacity 929K, committed 1024K, reserved 1048576K
GC Heap History (20 events):
Event: 0.447 GC heap after
{Heap after GC invocations=3 (full 0):
 garbage-first heap   total 524288K, used 32519K [0x0000000240000000, 0x0000000800000000)
  region size 4096K, 1 young (4096K), 1 survivors (4096K)
 Metaspace       used 9937K, capacity 10078K, committed 10240K, reserved 1058816K
  class space    used 891K, capacity 929K, committed 1024K, reserved 1048576K
}
Event: 0.493 GC heap before
{Heap before GC invocations=3 (full 0):
 garbage-first heap   total 524288K, used 73479K [0x0000000240000000, 0x0000000800000000)
  region size 4096K, 11 young (45056K), 1 survivors (4096K)
 Metaspace       used 9937K, capacity 10078K, committed 10240K, reserved 1058816K
  class space    used 891K, capacity 929K, committed 1024K, reserved 1048576K
}
Event: 0.507 GC heap after
{Heap after GC invocations=4 (full 0):
 garbage-first heap   total 524288K, used 54085K [0x0000000240000000, 0x0000000800000000)
  region size 4096K, 2 young (8192K), 2 survivors (8192K)
 Metaspace       used 9937K, capacity 10078K, committed 10240K, reserved 1058816K
  class space    used 891K, capacity 929K, committed 1024K, reserved 1048576K
}
Event: 0.553 GC heap before
{Heap before GC invocations=4 (full 0):
 garbage-first heap   total 524288K, used 103237K [0x0000000240000000, 0x0000000800000000)
  region size 4096K, 14 young (57344K), 2 survivors (8192K)
 Metaspace       used 9937K, capacity 10078K, committed 10240K, reserved 1058816K
  class space    used 891K, capacity 929K, committed 1024K, reserved 1048576K
}
Event: 0.574 GC heap after
{Heap after GC invocations=5 (full 0):
 garbage-first heap   total 1011712K, used 79109K [0x0000000240000000, 0x0000000800000000)
  region size 4096K, 2 young (8192K), 2 survivors (8192K)
 Metaspace       used 9937K, capacity 10078K, committed 10240K, reserved 1058816K
  class space    used 891K, capacity 929K, committed 1024K, reserved 1048576K
}
Event: 0.646 GC heap before
{Heap before GC invocations=5 (full 0):
 garbage-first heap   total 1011712K, used 140549K [0x0000000240000000, 0x0000000800000000)
  region size 4096K, 17 young (69632K), 2 survivors (8192K)
 Metaspace       used 9937K, capacity 10078K, committed 10240K, reserved 1058816K
  class space    used 891K, capacity 929K, committed 1024K, reserved 1048576K
}
Event: 0.667 GC heap after
{Heap after GC invocations=6 (full 0):
 garbage-first heap   total 1011712K, used 110494K [0x0000000240000000, 0x0000000800000000)
  region size 4096K, 3 young (12288K), 3 survivors (12288K)
 Metaspace       used 9937K, capacity 10078K, committed 10240K, reserved 1058816K
  class space    used 891K, capacity 929K, committed 1024K, reserved 1048576K
}
Event: 0.764 GC heap before
{Heap before GC invocations=6 (full 0):
 garbage-first heap   total 1011712K, used 188318K [0x0000000240000000, 0x0000000800000000)
  region size 4096K, 22 young (90112K), 3 survivors (12288K)
 Metaspace       used 9946K, capacity 10078K, committed 10240K, reserved 1058816K
  class space    used 891K, capacity 929K, committed 1024K, reserved 1048576K
}
Event: 0.785 GC heap after
{Heap after GC invocations=7 (full 0):
 garbage-first heap   total 1011712K, used 129966K [0x0000000240000000, 0x0000000800000000)
  region size 4096K, 3 young (12288K), 3 survivors (12288K)
 Metaspace       used 9946K, capacity 10078K, committed 10240K, reserved 1058816K
  class space    used 891K, capacity 929K, committed 1024K, reserved 1048576K
}
Event: 0.901 GC heap before
{Heap before GC invocations=7 (full 0):
 garbage-first heap   total 1011712K, used 232366K [0x0000000240000000, 0x0000000800000000)
  region size 4096K, 28 young (114688K), 3 survivors (12288K)
 Metaspace       used 9946K, capacity 10078K, committed 10240K, reserved 1058816K
  class space    used 891K, capacity 929K, committed 1024K, reserved 1048576K
}
Event: 0.908 GC heap after
{Heap after GC invocations=8 (full 0):
 garbage-first heap   total 1011712K, used 132980K [0x0000000240000000, 0x0000000800000000)
  region size 4096K, 2 young (8192K), 2 survivors (8192K)
 Metaspace       used 9946K, capacity 10078K, committed 10240K, reserved 1058816K
  class space    used 891K, capacity 929K, committed 1024K, reserved 1048576K
}
Event: 1.331 GC heap before
{Heap before GC invocations=8 (full 0):
 garbage-first heap   total 1011712K, used 730996K [0x0000000240000000, 0x0000000800000000)
  region size 4096K, 148 young (606208K), 2 survivors (8192K)
 Metaspace       used 9946K, capacity 10078K, committed 10240K, reserved 1058816K
  class space    used 891K, capacity 929K, committed 1024K, reserved 1048576K
}
Event: 1.487 GC heap after
{Heap after GC invocations=9 (full 0):
 garbage-first heap   total 2420736K, used 408150K [0x0000000240000000, 0x0000000800000000)
  region size 4096K, 19 young (77824K), 19 survivors (77824K)
 Metaspace       used 9946K, capacity 10078K, committed 10240K, reserved 1058816K
  class space    used 891K, capacity 929K, committed 1024K, reserved 1048576K
}
Event: 1.645 GC heap before
{Heap before GC invocations=9 (full 0):
 garbage-first heap   total 2420736K, used 580182K [0x0000000240000000, 0x0000000800000000)
  region size 4096K, 61 young (249856K), 19 survivors (77824K)
 Metaspace       used 9946K, capacity 10078K, committed 10240K, reserved 1058816K
  class space    used 891K, capacity 929K, committed 1024K, reserved 1048576K
}
Event: 1.726 GC heap after
{Heap after GC invocations=10 (full 0):
 garbage-first heap   total 2420736K, used 509952K [0x0000000240000000, 0x0000000800000000)
  region size 4096K, 8 young (32768K), 8 survivors (32768K)
 Metaspace       used 9946K, capacity 10078K, committed 10240K, reserved 1058816K
  class space    used 891K, capacity 929K, committed 1024K, reserved 1048576K
}
Event: 1.836 GC heap before
{Heap before GC invocations=10 (full 0):
 garbage-first heap   total 2420736K, used 686080K [0x0000000240000000, 0x0000000800000000)
  region size 4096K, 51 young (208896K), 8 survivors (32768K)
 Metaspace       used 9946K, capacity 10078K, committed 10240K, reserved 1058816K
  class space    used 891K, capacity 929K, committed 1024K, reserved 1048576K
}
Event: 1.918 GC heap after
{Heap after GC invocations=11 (full 0):
 garbage-first heap   total 2420736K, used 610304K [0x0000000240000000, 0x0000000800000000)
  region size 4096K, 7 young (28672K), 7 survivors (28672K)
 Metaspace       used 9946K, capacity 10078K, committed 10240K, reserved 1058816K
  class space    used 891K, capacity 929K, committed 1024K, reserved 1048576K
}
Event: 2.069 GC heap before
{Heap before GC invocations=11 (full 0):
 garbage-first heap   total 2420736K, used 823296K [0x0000000240000000, 0x0000000800000000)
  region size 4096K, 59 young (241664K), 7 survivors (28672K)
 Metaspace       used 9946K, capacity 10078K, committed 10240K, reserved 1058816K
  class space    used 891K, capacity 929K, committed 1024K, reserved 1048576K
}
Event: 2.137 GC heap after
{Heap after GC invocations=12 (full 0):
 garbage-first heap   total 2420736K, used 724992K [0x0000000240000000, 0x0000000800000000)
  region size 4096K, 8 young (32768K), 8 survivors (32768K)
 Metaspace       used 9946K, capacity 10078K, committed 10240K, reserved 1058816K
  class space    used 891K, capacity 929K, committed 1024K, reserved 1048576K
}
Event: 2.394 GC heap before
{Heap before GC invocations=12 (full 0):
 garbage-first heap   total 2420736K, used 987136K [0x0000000240000000, 0x0000000800000000)
  region size 4096K, 72 young (294912K), 8 survivors (32768K)
 Metaspace       used 9946K, capacity 10078K, committed 10240K, reserved 1058816K
  class space    used 891K, capacity 929K, committed 1024K, reserved 1048576K
}

